2023-06-01 23:04:08[ INFO ]>>queryUserList用户列表查询测试成功
2023-06-01 23:05:38[ INFO ]>>qselectUserInfo用户登录测试成功
2023-06-01 23:05:53[ INFO ]>>insert用户插入测试成功
2023-06-01 23:06:08[ INFO ]>>delete用户删除测试成功
2023-06-05 20:42:49[ INFO ]>>delete用户删除测试成功
2023-06-05 20:45:33[ INFO ]>>delete用户删除测试成功
2023-06-05 20:46:25[ INFO ]>>delete用户删除测试成功
2023-06-05 20:48:47[ INFO ]>>delete用户删除测试成功
2023-06-05 20:48:52[ INFO ]>>delete用户删除测试成功
2023-06-05 20:49:35[ INFO ]>>delete用户删除测试成功
2023-06-05 20:49:40[ INFO ]>>delete用户删除测试成功
2023-06-25 20:52:56[ INFO ]--结果--
2023-06-25 20:52:56[ INFO ]--结果--
2023-06-25 20:52:56[ INFO ]--结果--
2023-06-25 20:52:56[ INFO ]--结果--
2023-06-25 20:52:56[ INFO ]--结果--
2023-06-25 20:52:56[ INFO ]--结果--
2023-06-25 20:52:56[ INFO ]--结果--
2023-06-25 20:52:56[ INFO ]--结果--
2023-06-25 20:52:56[ INFO ]--结果--
2023-06-25 20:52:56[ INFO ]--结果--
2023-06-25 20:52:56[ INFO ]--结果--
2023-06-25 20:52:56[ INFO ]--结果--
2023-06-25 20:52:56[ INFO ]--结果--
2023-06-25 20:53:15[ INFO ]--结果--
2023-06-25 20:53:15[ INFO ]--结果--
2023-06-25 20:53:15[ INFO ]--结果--
2023-06-25 20:53:15[ INFO ]--结果--
2023-06-25 20:53:15[ INFO ]--结果--
2023-06-25 20:53:15[ INFO ]--结果--
2023-06-25 20:53:15[ INFO ]--结果--
2023-06-25 20:53:15[ INFO ]--结果--
2023-06-25 20:53:15[ INFO ]--结果--
2023-06-25 20:53:15[ INFO ]--结果--
2023-06-25 20:53:15[ INFO ]--结果--
2023-06-25 20:53:15[ INFO ]--结果--
2023-06-25 20:53:15[ INFO ]--结果--
2023-06-25 20:54:38[ INFO ]--结果--
2023-06-25 20:54:38[ INFO ]--结果--
2023-06-25 20:54:38[ INFO ]--结果--
2023-06-25 20:54:38[ INFO ]--结果--
2023-06-25 20:54:38[ INFO ]--结果--
2023-06-25 20:54:38[ INFO ]--结果--
2023-06-25 20:54:38[ INFO ]--结果--
2023-06-25 20:54:38[ INFO ]--结果--
2023-06-25 20:54:38[ INFO ]--结果--
2023-06-25 20:54:38[ INFO ]--结果--
2023-06-25 20:54:38[ INFO ]--结果--
2023-06-25 20:54:38[ INFO ]--结果--
2023-06-25 20:54:38[ INFO ]--结果--
2023-06-25 21:37:05[ INFO ]--结果--
2023-06-25 21:37:05[ INFO ]--结果--
2023-06-25 21:37:05[ INFO ]--结果--
2023-06-25 21:37:05[ INFO ]--结果--
2023-06-25 21:37:05[ INFO ]--结果--
2023-06-25 21:37:05[ INFO ]--结果--
2023-06-25 21:37:05[ INFO ]--结果--
2023-06-25 21:37:05[ INFO ]--结果--
2023-06-25 21:37:05[ INFO ]--结果--
2023-06-25 21:37:05[ INFO ]--结果--
2023-06-25 21:37:05[ INFO ]--结果--
2023-06-25 21:37:05[ INFO ]--结果--
2023-06-25 21:37:05[ INFO ]--结果--
2023-06-25 21:45:24[ INFO ]--结果--
2023-06-25 21:45:24[ INFO ]--结果--
2023-06-25 21:45:24[ INFO ]--结果--
2023-06-25 21:45:24[ INFO ]--结果--
2023-06-25 21:45:24[ INFO ]--结果--
2023-06-25 21:45:24[ INFO ]--结果--
2023-06-25 21:45:24[ INFO ]--结果--
2023-06-25 21:45:24[ INFO ]--结果--
2023-06-25 21:45:24[ INFO ]--结果--
2023-06-25 21:45:24[ INFO ]--结果--
2023-06-25 21:45:24[ INFO ]--结果--
2023-06-25 21:45:24[ INFO ]--结果--
2023-06-25 21:45:24[ INFO ]--结果--
2023-06-25 21:45:29[ INFO ]--结果--
2023-06-25 21:45:29[ INFO ]--结果--
2023-06-25 21:45:29[ INFO ]--结果--
2023-06-25 21:45:29[ INFO ]--结果--
2023-06-25 21:45:29[ INFO ]--结果--
2023-06-25 21:45:29[ INFO ]--结果--
2023-06-25 21:45:29[ INFO ]--结果--
2023-06-25 21:45:29[ INFO ]--结果--
2023-06-25 21:45:29[ INFO ]--结果--
2023-06-25 21:45:29[ INFO ]--结果--
2023-06-25 21:45:30[ INFO ]--结果--
2023-06-25 21:45:30[ INFO ]--结果--
2023-06-25 21:45:30[ INFO ]--结果--
2023-06-25 21:45:54[ INFO ]--结果--
2023-06-25 21:45:54[ INFO ]--结果--
2023-06-25 21:45:54[ INFO ]--结果--
2023-06-25 21:45:54[ INFO ]--结果--
2023-06-25 21:45:54[ INFO ]--结果--
2023-06-25 21:45:54[ INFO ]--结果--
2023-06-25 21:45:54[ INFO ]--结果--
2023-06-25 21:45:54[ INFO ]--结果--
2023-06-25 21:45:54[ INFO ]--结果--
2023-06-25 21:45:54[ INFO ]--结果--
2023-06-25 21:45:54[ INFO ]--结果--
2023-06-25 21:45:54[ INFO ]--结果--
2023-06-25 21:45:54[ INFO ]--结果--
2023-06-25 21:48:23[ INFO ]--结果--
2023-06-25 21:48:23[ INFO ]--结果--
2023-06-25 21:48:23[ INFO ]--结果--
2023-06-25 21:48:23[ INFO ]--结果--
2023-06-25 21:48:23[ INFO ]--结果--
2023-06-25 21:48:23[ INFO ]--结果--
2023-06-25 21:48:23[ INFO ]--结果--
2023-06-25 21:48:23[ INFO ]--结果--
2023-06-25 21:48:23[ INFO ]--结果--
2023-06-25 21:48:23[ INFO ]--结果--
2023-06-25 21:48:23[ INFO ]--结果--
2023-06-25 21:48:23[ INFO ]--结果--
2023-06-25 21:48:23[ INFO ]--结果--
2023-06-25 23:22:10[ INFO ]--结果--
2023-06-25 23:22:10[ INFO ]--结果--
2023-06-25 23:22:10[ INFO ]--结果--
2023-06-25 23:22:10[ INFO ]--结果--
2023-06-25 23:22:10[ INFO ]--结果--
2023-06-25 23:22:10[ INFO ]--结果--
2023-06-25 23:22:10[ INFO ]--结果--
2023-06-25 23:22:10[ INFO ]--结果--
2023-06-25 23:22:10[ INFO ]--结果--
2023-06-25 23:22:10[ INFO ]--结果--
2023-06-25 23:22:10[ INFO ]--结果--
2023-06-25 23:22:10[ INFO ]--结果--
2023-06-25 23:22:10[ INFO ]--结果--
2023-06-25 23:27:52[ INFO ]--结果--
2023-06-25 23:27:52[ INFO ]--结果--
2023-06-25 23:27:52[ INFO ]--结果--
2023-06-25 23:27:52[ INFO ]--结果--
2023-06-25 23:27:52[ INFO ]--结果--
2023-06-25 23:27:52[ INFO ]--结果--
2023-06-25 23:27:52[ INFO ]--结果--
2023-06-25 23:27:52[ INFO ]--结果--
2023-06-25 23:27:52[ INFO ]--结果--
2023-06-25 23:27:52[ INFO ]--结果--
2023-06-25 23:27:52[ INFO ]--结果--
2023-06-25 23:27:52[ INFO ]--结果--
2023-06-25 23:27:52[ INFO ]--结果--
2023-06-25 23:32:35[ INFO ]--结果--
2023-06-25 23:32:35[ INFO ]--结果--
2023-06-25 23:32:35[ INFO ]--结果--
2023-06-25 23:32:35[ INFO ]--结果--
2023-06-25 23:32:35[ INFO ]--结果--
2023-06-25 23:32:35[ INFO ]--结果--
2023-06-25 23:32:35[ INFO ]--结果--
2023-06-25 23:32:35[ INFO ]--结果--
2023-06-25 23:32:35[ INFO ]--结果--
2023-06-25 23:32:35[ INFO ]--结果--
2023-06-25 23:32:35[ INFO ]--结果--
2023-06-25 23:32:35[ INFO ]--结果--
2023-06-25 23:32:35[ INFO ]--结果--
2023-06-25 23:46:04[ INFO ]--结果--
2023-06-25 23:46:04[ INFO ]--结果--
2023-06-25 23:46:04[ INFO ]--结果--
2023-06-25 23:46:04[ INFO ]--结果--
2023-06-25 23:46:04[ INFO ]--结果--
2023-06-25 23:46:04[ INFO ]--结果--
2023-06-25 23:46:04[ INFO ]--结果--
2023-06-25 23:46:04[ INFO ]--结果--
2023-06-25 23:46:04[ INFO ]--结果--
2023-06-25 23:46:04[ INFO ]--结果--
2023-06-25 23:46:04[ INFO ]--结果--
2023-06-25 23:46:04[ INFO ]--结果--
2023-06-25 23:46:04[ INFO ]--结果--
2023-06-26 14:52:59[ INFO ]--结果--
2023-06-26 14:52:59[ INFO ]--结果--
2023-06-26 14:52:59[ INFO ]--结果--
2023-06-26 14:52:59[ INFO ]--结果--
2023-06-26 14:52:59[ INFO ]--结果--
2023-06-26 14:52:59[ INFO ]--结果--
2023-06-26 14:52:59[ INFO ]--结果--
2023-06-26 14:52:59[ INFO ]--结果--
2023-06-26 14:52:59[ INFO ]--结果--
2023-06-26 14:52:59[ INFO ]--结果--
2023-06-26 14:52:59[ INFO ]--结果--
2023-06-26 14:52:59[ INFO ]--结果--
2023-06-26 14:52:59[ INFO ]--结果--
2023-06-26 14:56:17[ INFO ]--结果--
2023-06-26 14:56:17[ INFO ]--结果--
2023-06-26 14:56:17[ INFO ]--结果--
2023-06-26 14:56:17[ INFO ]--结果--
2023-06-26 14:56:17[ INFO ]--结果--
2023-06-26 14:56:17[ INFO ]--结果--
2023-06-26 14:56:17[ INFO ]--结果--
2023-06-26 14:56:17[ INFO ]--结果--
2023-06-26 14:56:17[ INFO ]--结果--
2023-06-26 14:56:17[ INFO ]--结果--
2023-06-26 14:56:17[ INFO ]--结果--
2023-06-26 14:56:17[ INFO ]--结果--
2023-06-26 14:56:17[ INFO ]--结果--
2023-06-26 14:59:01[ INFO ]--结果--
2023-06-26 14:59:01[ INFO ]--结果--
2023-06-26 14:59:01[ INFO ]--结果--
2023-06-26 14:59:01[ INFO ]--结果--
2023-06-26 14:59:01[ INFO ]--结果--
2023-06-26 14:59:01[ INFO ]--结果--
2023-06-26 14:59:01[ INFO ]--结果--
2023-06-26 14:59:01[ INFO ]--结果--
2023-06-26 14:59:01[ INFO ]--结果--
2023-06-26 14:59:01[ INFO ]--结果--
2023-06-26 14:59:01[ INFO ]--结果--
2023-06-26 14:59:01[ INFO ]--结果--
2023-06-26 14:59:01[ INFO ]--结果--
2023-06-26 15:10:10[ INFO ]--结果--
2023-06-26 15:10:10[ INFO ]--结果--
2023-06-26 15:10:10[ INFO ]--结果--
2023-06-26 15:10:10[ INFO ]--结果--
2023-06-26 15:10:10[ INFO ]--结果--
2023-06-26 15:10:10[ INFO ]--结果--
2023-06-26 15:10:10[ INFO ]--结果--
2023-06-26 15:10:10[ INFO ]--结果--
2023-06-26 15:10:10[ INFO ]--结果--
2023-06-26 15:10:10[ INFO ]--结果--
2023-06-26 15:10:10[ INFO ]--结果--
2023-06-26 15:10:10[ INFO ]--结果--
2023-06-26 15:10:10[ INFO ]--结果--
2023-06-26 15:11:29[ INFO ]--结果--
2023-06-26 15:11:29[ INFO ]--结果--
2023-06-26 15:11:29[ INFO ]--结果--
2023-06-26 15:11:29[ INFO ]--结果--
2023-06-26 15:11:29[ INFO ]--结果--
2023-06-26 15:11:29[ INFO ]--结果--
2023-06-26 15:11:29[ INFO ]--结果--
2023-06-26 15:11:29[ INFO ]--结果--
2023-06-26 15:11:29[ INFO ]--结果--
2023-06-26 15:11:29[ INFO ]--结果--
2023-06-26 15:11:29[ INFO ]--结果--
2023-06-26 15:11:29[ INFO ]--结果--
2023-06-26 15:11:29[ INFO ]--结果--
2023-06-26 15:51:26[ INFO ]--结果--
2023-06-26 15:51:26[ INFO ]--结果--
2023-06-26 15:51:26[ INFO ]--结果--
2023-06-26 15:51:26[ INFO ]--结果--
2023-06-26 15:51:26[ INFO ]--结果--
2023-06-26 15:51:26[ INFO ]--结果--
2023-06-26 15:51:26[ INFO ]--结果--
2023-06-26 15:51:26[ INFO ]--结果--
2023-06-26 15:51:26[ INFO ]--结果--
2023-06-26 15:51:26[ INFO ]--结果--
2023-06-26 15:51:26[ INFO ]--结果--
2023-06-26 15:51:26[ INFO ]--结果--
2023-06-26 15:51:26[ INFO ]--结果--
2023-06-26 16:04:29[ INFO ]--结果--
2023-06-26 16:04:29[ INFO ]--结果--
2023-06-26 16:04:29[ INFO ]--结果--
2023-06-26 16:04:29[ INFO ]--结果--
2023-06-26 16:04:29[ INFO ]--结果--
2023-06-26 16:04:29[ INFO ]--结果--
2023-06-26 16:04:29[ INFO ]--结果--
2023-06-26 16:04:29[ INFO ]--结果--
2023-06-26 16:04:29[ INFO ]--结果--
2023-06-26 16:04:29[ INFO ]--结果--
2023-06-26 16:04:29[ INFO ]--结果--
2023-06-26 16:04:29[ INFO ]--结果--
2023-06-26 16:04:29[ INFO ]--结果--
2023-06-26 16:07:26[ INFO ]--结果--
2023-06-26 16:07:26[ INFO ]--结果--
2023-06-26 16:07:26[ INFO ]--结果--
2023-06-26 16:07:26[ INFO ]--结果--
2023-06-26 16:07:26[ INFO ]--结果--
2023-06-26 16:07:26[ INFO ]--结果--
2023-06-26 16:07:26[ INFO ]--结果--
2023-06-26 16:07:26[ INFO ]--结果--
2023-06-26 16:07:26[ INFO ]--结果--
2023-06-26 16:07:26[ INFO ]--结果--
2023-06-26 16:07:26[ INFO ]--结果--
2023-06-26 16:07:26[ INFO ]--结果--
2023-06-26 16:07:26[ INFO ]--结果--
2023-06-26 16:10:43[ INFO ]--结果--
2023-06-26 16:10:43[ INFO ]--结果--
2023-06-26 16:10:43[ INFO ]--结果--
2023-06-26 16:10:43[ INFO ]--结果--
2023-06-26 16:10:43[ INFO ]--结果--
2023-06-26 16:10:43[ INFO ]--结果--
2023-06-26 16:10:43[ INFO ]--结果--
2023-06-26 16:10:43[ INFO ]--结果--
2023-06-26 16:10:43[ INFO ]--结果--
2023-06-26 16:10:43[ INFO ]--结果--
2023-06-26 16:10:43[ INFO ]--结果--
2023-06-26 16:10:43[ INFO ]--结果--
2023-06-26 16:10:43[ INFO ]--结果--
2023-06-26 16:16:10[ INFO ]--结果--
2023-06-26 16:16:10[ INFO ]--结果--
2023-06-26 16:16:10[ INFO ]--结果--
2023-06-26 16:16:10[ INFO ]--结果--
2023-06-26 16:16:10[ INFO ]--结果--
2023-06-26 16:16:10[ INFO ]--结果--
2023-06-26 16:16:10[ INFO ]--结果--
2023-06-26 16:16:10[ INFO ]--结果--
2023-06-26 16:16:10[ INFO ]--结果--
2023-06-26 16:16:10[ INFO ]--结果--
2023-06-26 16:16:10[ INFO ]--结果--
2023-06-26 16:16:10[ INFO ]--结果--
2023-06-26 16:16:10[ INFO ]--结果--
2023-06-26 16:27:44[ INFO ]--结果--
2023-06-26 16:27:44[ INFO ]--结果--
2023-06-26 16:27:44[ INFO ]--结果--
2023-06-26 16:27:44[ INFO ]--结果--
2023-06-26 16:27:44[ INFO ]--结果--
2023-06-26 16:27:44[ INFO ]--结果--
2023-06-26 16:27:44[ INFO ]--结果--
2023-06-26 16:27:44[ INFO ]--结果--
2023-06-26 16:27:44[ INFO ]--结果--
2023-06-26 16:27:44[ INFO ]--结果--
2023-06-26 16:27:44[ INFO ]--结果--
2023-06-26 16:27:44[ INFO ]--结果--
2023-06-26 16:27:44[ INFO ]--结果--
2023-06-26 16:33:55[ INFO ]--结果--
2023-06-26 16:33:55[ INFO ]--结果--
2023-06-26 16:33:55[ INFO ]--结果--
2023-06-26 16:33:55[ INFO ]--结果--
2023-06-26 16:33:55[ INFO ]--结果--
2023-06-26 16:33:55[ INFO ]--结果--
2023-06-26 16:33:55[ INFO ]--结果--
2023-06-26 16:33:55[ INFO ]--结果--
2023-06-26 16:33:55[ INFO ]--结果--
2023-06-26 16:33:55[ INFO ]--结果--
2023-06-26 16:33:55[ INFO ]--结果--
2023-06-26 16:33:55[ INFO ]--结果--
2023-06-26 16:33:55[ INFO ]--结果--
2023-06-26 16:34:21[ INFO ]--结果--
2023-06-26 16:34:21[ INFO ]--结果--
2023-06-26 16:34:21[ INFO ]--结果--
2023-06-26 16:34:21[ INFO ]--结果--
2023-06-26 16:34:21[ INFO ]--结果--
2023-06-26 16:34:21[ INFO ]--结果--
2023-06-26 16:34:21[ INFO ]--结果--
2023-06-26 16:34:21[ INFO ]--结果--
2023-06-26 16:34:21[ INFO ]--结果--
2023-06-26 16:34:21[ INFO ]--结果--
2023-06-26 16:34:21[ INFO ]--结果--
2023-06-26 16:34:21[ INFO ]--结果--
2023-06-26 16:34:21[ INFO ]--结果--
2023-06-26 16:34:41[ INFO ]--结果--
2023-06-26 16:34:41[ INFO ]--结果--
2023-06-26 16:34:41[ INFO ]--结果--
2023-06-26 16:34:41[ INFO ]--结果--
2023-06-26 16:34:41[ INFO ]--结果--
2023-06-26 16:34:41[ INFO ]--结果--
2023-06-26 16:34:41[ INFO ]--结果--
2023-06-26 16:34:41[ INFO ]--结果--
2023-06-26 16:34:41[ INFO ]--结果--
2023-06-26 16:34:41[ INFO ]--结果--
2023-06-26 16:34:41[ INFO ]--结果--
2023-06-26 16:34:41[ INFO ]--结果--
2023-06-26 16:34:41[ INFO ]--结果--
2023-06-26 16:49:52[ INFO ]--结果--
2023-06-26 16:49:52[ INFO ]--结果--
2023-06-26 16:49:52[ INFO ]--结果--
2023-06-26 16:49:52[ INFO ]--结果--
2023-06-26 16:49:52[ INFO ]--结果--
2023-06-26 16:49:52[ INFO ]--结果--
2023-06-26 16:49:52[ INFO ]--结果--
2023-06-26 16:49:52[ INFO ]--结果--
2023-06-26 16:49:52[ INFO ]--结果--
2023-06-26 16:49:52[ INFO ]--结果--
2023-06-26 16:49:52[ INFO ]--结果--
2023-06-26 16:49:52[ INFO ]--结果--
2023-06-26 16:49:52[ INFO ]--结果--
2023-06-26 16:49:52[ INFO ]--结果--
2023-06-26 16:49:52[ INFO ]--结果--
2023-06-26 16:50:08[ INFO ]--结果--
2023-06-26 16:50:08[ INFO ]--结果--
2023-06-26 16:50:08[ INFO ]--结果--
2023-06-26 16:50:08[ INFO ]--结果--
2023-06-26 16:50:08[ INFO ]--结果--
2023-06-26 16:50:08[ INFO ]--结果--
2023-06-26 16:50:08[ INFO ]--结果--
2023-06-26 16:50:08[ INFO ]--结果--
2023-06-26 16:50:08[ INFO ]--结果--
2023-06-26 16:50:08[ INFO ]--结果--
2023-06-26 16:50:08[ INFO ]--结果--
2023-06-26 16:50:08[ INFO ]--结果--
2023-06-26 16:50:08[ INFO ]--结果--
2023-06-26 16:50:08[ INFO ]--结果--
2023-06-26 16:50:08[ INFO ]--结果--
2023-06-26 16:52:22[ INFO ]--结果--
2023-06-26 16:56:34[ INFO ]--结果--
2023-06-26 16:59:13[ INFO ]--结果--
2023-06-26 16:59:13[ INFO ]--结果--
2023-06-26 16:59:13[ INFO ]--结果--
2023-06-26 16:59:13[ INFO ]--结果--
2023-06-26 16:59:13[ INFO ]--结果--
2023-06-26 16:59:13[ INFO ]--结果--
2023-06-26 16:59:13[ INFO ]--结果--
2023-06-26 16:59:13[ INFO ]--结果--
2023-06-26 16:59:13[ INFO ]--结果--
2023-06-26 16:59:14[ INFO ]--结果--
2023-06-26 16:59:14[ INFO ]--结果--
2023-06-26 16:59:14[ INFO ]--结果--
2023-06-26 16:59:35[ INFO ]--结果--
2023-06-26 16:59:35[ INFO ]--结果--
2023-06-26 16:59:35[ INFO ]--结果--
2023-06-26 16:59:35[ INFO ]--结果--
2023-06-26 16:59:35[ INFO ]--结果--
2023-06-26 16:59:35[ INFO ]--结果--
2023-06-26 16:59:35[ INFO ]--结果--
2023-06-26 16:59:35[ INFO ]--结果--
2023-06-26 16:59:35[ INFO ]--结果--
2023-06-26 16:59:35[ INFO ]--结果--
2023-06-26 16:59:35[ INFO ]--结果--
2023-06-26 16:59:35[ INFO ]--结果--
2023-06-26 18:20:26[ INFO ]--结果--
2023-06-26 18:20:26[ INFO ]--结果--
2023-06-26 18:20:26[ INFO ]--结果--
2023-06-26 18:20:26[ INFO ]--结果--
2023-06-26 18:20:26[ INFO ]--结果--
2023-06-26 18:20:26[ INFO ]--结果--
2023-06-26 18:20:26[ INFO ]--结果--
2023-06-26 18:20:26[ INFO ]--结果--
2023-06-26 18:20:26[ INFO ]--结果--
2023-06-26 18:20:26[ INFO ]--结果--
2023-06-26 18:20:26[ INFO ]--结果--
2023-06-26 18:25:40[ INFO ]--结果--
2023-06-26 18:25:40[ INFO ]--结果--
2023-06-26 18:25:40[ INFO ]--结果--
2023-06-26 18:25:40[ INFO ]--结果--
2023-06-26 18:25:40[ INFO ]--结果--
2023-06-26 18:25:40[ INFO ]--结果--
2023-06-26 18:25:40[ INFO ]--结果--
2023-06-26 18:25:40[ INFO ]--结果--
2023-06-26 18:25:40[ INFO ]--结果--
2023-06-26 18:25:40[ INFO ]--结果--
2023-06-26 18:25:40[ INFO ]--结果--
2023-06-26 18:30:58[ INFO ]--结果--
2023-06-26 18:30:58[ INFO ]--结果--
2023-06-26 18:30:58[ INFO ]--结果--
2023-06-26 18:30:58[ INFO ]--结果--
2023-06-26 18:30:58[ INFO ]--结果--
2023-06-26 18:30:58[ INFO ]--结果--
2023-06-26 18:30:58[ INFO ]--结果--
2023-06-26 18:30:58[ INFO ]--结果--
2023-06-26 18:30:58[ INFO ]--结果--
2023-06-26 18:30:58[ INFO ]--结果--
2023-06-26 18:30:58[ INFO ]--结果--
2023-06-26 18:32:52[ INFO ]--结果--
2023-06-26 18:32:52[ INFO ]--结果--
2023-06-26 18:32:52[ INFO ]--结果--
2023-06-26 18:32:52[ INFO ]--结果--
2023-06-26 18:32:52[ INFO ]--结果--
2023-06-26 18:32:52[ INFO ]--结果--
2023-06-26 18:32:52[ INFO ]--结果--
2023-06-26 18:32:52[ INFO ]--结果--
2023-06-26 18:32:52[ INFO ]--结果--
2023-06-26 18:32:52[ INFO ]--结果--
2023-06-26 18:32:52[ INFO ]--结果--
2023-06-26 18:40:18[ INFO ]--结果--
2023-06-26 18:40:18[ INFO ]--结果--
2023-06-26 18:40:18[ INFO ]--结果--
2023-06-26 18:40:18[ INFO ]--结果--
2023-06-26 18:40:18[ INFO ]--结果--
2023-06-26 18:40:18[ INFO ]--结果--
2023-06-26 18:41:00[ INFO ]--结果--
2023-06-26 18:41:00[ INFO ]--结果--
2023-06-26 18:41:00[ INFO ]--结果--
2023-06-26 18:41:00[ INFO ]--结果--
2023-06-26 18:41:01[ INFO ]--结果--
2023-06-26 18:41:01[ INFO ]--结果--
2023-06-26 18:41:14[ INFO ]--结果--
2023-06-26 18:41:14[ INFO ]--结果--
2023-06-26 18:41:14[ INFO ]--结果--
2023-06-26 18:41:14[ INFO ]--结果--
2023-06-26 18:41:14[ INFO ]--结果--
2023-06-26 18:41:14[ INFO ]--结果--
2023-06-26 18:44:11[ INFO ]--结果--
2023-06-26 18:44:11[ INFO ]--结果--
2023-06-26 18:44:11[ INFO ]--结果--
2023-06-26 18:44:11[ INFO ]--结果--
2023-06-26 18:44:11[ INFO ]--结果--
2023-06-26 18:44:11[ INFO ]--结果--
2023-06-26 18:44:11[ INFO ]--结果--
2023-06-26 18:44:11[ INFO ]--结果--
2023-06-26 18:44:11[ INFO ]--结果--
2023-06-26 18:44:11[ INFO ]--结果--
2023-06-26 18:44:11[ INFO ]--结果--
2023-06-26 18:45:03[ INFO ]--结果--
2023-06-26 18:45:03[ INFO ]--结果--
2023-06-26 18:45:03[ INFO ]--结果--
2023-06-26 18:45:03[ INFO ]--结果--
2023-06-26 18:45:03[ INFO ]--结果--
2023-06-26 18:45:03[ INFO ]--结果--
2023-06-26 18:45:03[ INFO ]--结果--
2023-06-26 18:45:03[ INFO ]--结果--
2023-06-26 18:45:03[ INFO ]--结果--
2023-06-26 18:45:03[ INFO ]--结果--
2023-06-26 18:45:03[ INFO ]--结果--
2023-06-26 18:45:31[ INFO ]--结果--
2023-06-26 18:45:31[ INFO ]--结果--
2023-06-26 18:45:31[ INFO ]--结果--
2023-06-26 18:45:31[ INFO ]--结果--
2023-06-26 18:45:31[ INFO ]--结果--
2023-06-26 18:45:31[ INFO ]--结果--
2023-06-26 18:45:31[ INFO ]--结果--
2023-06-26 18:45:31[ INFO ]--结果--
2023-06-26 18:45:31[ INFO ]--结果--
2023-06-26 18:45:31[ INFO ]--结果--
2023-06-26 18:45:31[ INFO ]--结果--
2023-06-26 18:45:37[ INFO ]--结果--
2023-06-26 18:45:37[ INFO ]--结果--
2023-06-26 18:45:37[ INFO ]--结果--
2023-06-26 18:45:37[ INFO ]--结果--
2023-06-26 18:45:37[ INFO ]--结果--
2023-06-26 18:45:37[ INFO ]--结果--
2023-06-26 18:45:37[ INFO ]--结果--
2023-06-26 18:45:37[ INFO ]--结果--
2023-06-26 18:45:37[ INFO ]--结果--
2023-06-26 18:45:37[ INFO ]--结果--
2023-06-26 18:45:37[ INFO ]--结果--
2023-06-26 18:51:44[ INFO ]--结果--
2023-06-26 18:51:44[ INFO ]--结果--
2023-06-26 18:51:44[ INFO ]--结果--
2023-06-26 18:51:44[ INFO ]--结果--
2023-06-26 18:51:44[ INFO ]--结果--
2023-06-26 18:51:44[ INFO ]--结果--
2023-06-26 18:51:44[ INFO ]--结果--
2023-06-26 18:51:44[ INFO ]--结果--
2023-06-26 18:51:44[ INFO ]--结果--
2023-06-26 18:51:44[ INFO ]--结果--
2023-06-26 18:51:44[ INFO ]--结果--
2023-06-26 18:51:51[ INFO ]--结果--
2023-06-26 18:51:51[ INFO ]--结果--
2023-06-26 18:51:51[ INFO ]--结果--
2023-06-26 18:51:51[ INFO ]--结果--
2023-06-26 18:51:51[ INFO ]--结果--
2023-06-26 18:51:51[ INFO ]--结果--
2023-06-26 18:51:51[ INFO ]--结果--
2023-06-26 18:51:51[ INFO ]--结果--
2023-06-26 18:51:51[ INFO ]--结果--
2023-06-26 18:51:51[ INFO ]--结果--
2023-06-26 18:51:51[ INFO ]--结果--
2023-06-26 18:57:31[ INFO ]--结果--
2023-06-26 18:57:31[ INFO ]--结果--
2023-06-26 18:57:31[ INFO ]--结果--
2023-06-26 18:57:31[ INFO ]--结果--
2023-06-26 18:57:31[ INFO ]--结果--
2023-06-26 18:57:31[ INFO ]--结果--
2023-06-26 18:57:31[ INFO ]--结果--
2023-06-26 18:58:21[ INFO ]--结果--
2023-06-26 18:58:21[ INFO ]--结果--
2023-06-26 18:58:21[ INFO ]--结果--
2023-06-26 18:58:21[ INFO ]--结果--
2023-06-26 18:58:21[ INFO ]--结果--
2023-06-26 18:58:21[ INFO ]--结果--
2023-06-26 18:58:21[ INFO ]--结果--
2023-06-26 19:04:15[ INFO ]--结果--
2023-06-26 19:04:15[ INFO ]--结果--
2023-06-26 19:04:15[ INFO ]--结果--
2023-06-26 19:04:15[ INFO ]--结果--
2023-06-26 19:04:15[ INFO ]--结果--
2023-06-26 19:04:15[ INFO ]--结果--
2023-06-26 19:04:15[ INFO ]--结果--
2023-06-26 19:04:15[ INFO ]--结果--
2023-06-26 19:04:24[ INFO ]--结果--
2023-06-26 19:04:24[ INFO ]--结果--
2023-06-26 19:04:24[ INFO ]--结果--
2023-06-26 19:04:24[ INFO ]--结果--
2023-06-26 19:04:24[ INFO ]--结果--
2023-06-26 19:04:24[ INFO ]--结果--
2023-06-26 19:04:24[ INFO ]--结果--
2023-06-26 19:04:24[ INFO ]--结果--
2023-06-26 19:07:35[ INFO ]--结果--
2023-06-26 19:09:27[ INFO ]--结果--
2023-06-26 19:09:27[ INFO ]--结果--
2023-06-26 19:09:27[ INFO ]--结果--
2023-06-26 19:09:27[ INFO ]--结果--
2023-06-26 19:09:27[ INFO ]--结果--
2023-06-26 19:09:27[ INFO ]--结果--
2023-06-26 19:09:27[ INFO ]--结果--
2023-06-26 19:09:36[ INFO ]--结果--
2023-06-26 19:09:36[ INFO ]--结果--
2023-06-26 19:09:36[ INFO ]--结果--
2023-06-26 19:09:36[ INFO ]--结果--
2023-06-26 19:09:36[ INFO ]--结果--
2023-06-26 19:09:36[ INFO ]--结果--
2023-06-26 19:09:36[ INFO ]--结果--
2023-06-26 19:11:40[ INFO ]--结果--
2023-06-26 19:11:40[ INFO ]--结果--
2023-06-26 19:11:40[ INFO ]--结果--
2023-06-26 19:11:40[ INFO ]--结果--
2023-06-26 19:11:40[ INFO ]--结果--
2023-06-26 19:11:40[ INFO ]--结果--
2023-06-26 19:11:40[ INFO ]--结果--
2023-06-26 19:11:58[ INFO ]--结果--
2023-06-26 19:11:58[ INFO ]--结果--
2023-06-26 19:11:58[ INFO ]--结果--
2023-06-26 19:11:58[ INFO ]--结果--
2023-06-26 19:11:58[ INFO ]--结果--
2023-06-26 19:11:58[ INFO ]--结果--
2023-06-26 19:11:58[ INFO ]--结果--
2023-06-28 10:22:32[ INFO ]--结果--
2023-06-28 10:22:32[ INFO ]--结果--
2023-06-28 10:22:32[ INFO ]--结果--
2023-06-28 10:22:32[ INFO ]--结果--
2023-06-28 10:22:32[ INFO ]--结果--
2023-06-28 10:22:32[ INFO ]--结果--
2023-06-28 10:22:32[ INFO ]--结果--
2023-06-28 10:23:01[ INFO ]--结果--
2023-06-28 10:23:01[ INFO ]--结果--
2023-06-28 10:23:01[ INFO ]--结果--
2023-06-28 10:23:01[ INFO ]--结果--
2023-06-28 10:23:01[ INFO ]--结果--
2023-06-28 10:23:01[ INFO ]--结果--
2023-06-28 10:23:01[ INFO ]--结果--
2023-06-28 10:23:15[ INFO ]--结果--
2023-06-28 10:23:15[ INFO ]--结果--
2023-06-28 10:23:15[ INFO ]--结果--
2023-06-28 10:23:15[ INFO ]--结果--
2023-06-28 10:23:15[ INFO ]--结果--
2023-06-28 10:23:15[ INFO ]--结果--
2023-06-28 10:23:15[ INFO ]--结果--
2023-06-28 10:26:15[ INFO ]--结果--
2023-06-28 10:26:15[ INFO ]--结果--
2023-06-28 10:26:15[ INFO ]--结果--
2023-06-28 10:26:15[ INFO ]--结果--
2023-06-28 10:26:15[ INFO ]--结果--
2023-06-28 10:26:15[ INFO ]--结果--
2023-06-28 10:26:15[ INFO ]--结果--
2023-06-28 10:42:38[ INFO ]--结果--
2023-06-28 10:42:38[ INFO ]--结果--
2023-06-28 10:42:38[ INFO ]--结果--
2023-06-28 10:42:38[ INFO ]--结果--
2023-06-28 10:42:38[ INFO ]--结果--
2023-06-28 10:42:38[ INFO ]--结果--
2023-06-28 10:42:38[ INFO ]--结果--
2023-06-28 10:52:11[ INFO ]--结果--
2023-06-28 10:52:11[ INFO ]--结果--
2023-06-28 10:52:11[ INFO ]--结果--
2023-06-28 10:52:11[ INFO ]--结果--
2023-06-28 10:52:11[ INFO ]--结果--
2023-06-28 10:52:11[ INFO ]--结果--
2023-06-28 10:52:16[ INFO ]--结果--
2023-06-28 10:52:16[ INFO ]--结果--
2023-06-28 10:52:16[ INFO ]--结果--
2023-06-28 10:52:16[ INFO ]--结果--
2023-06-28 10:52:16[ INFO ]--结果--
2023-06-28 10:52:16[ INFO ]--结果--
2023-06-28 10:52:22[ INFO ]--结果--
2023-06-28 10:52:22[ INFO ]--结果--
2023-06-28 10:52:22[ INFO ]--结果--
2023-06-28 10:52:22[ INFO ]--结果--
2023-06-28 10:52:22[ INFO ]--结果--
2023-06-28 10:52:22[ INFO ]--结果--
2023-06-28 10:52:29[ INFO ]--结果--
2023-06-28 10:52:29[ INFO ]--结果--
2023-06-28 10:52:29[ INFO ]--结果--
2023-06-28 10:52:29[ INFO ]--结果--
2023-06-28 10:52:29[ INFO ]--结果--
2023-06-28 10:52:29[ INFO ]--结果--
2023-06-28 10:52:49[ INFO ]--结果--
2023-06-28 10:52:49[ INFO ]--结果--
2023-06-28 10:52:49[ INFO ]--结果--
2023-06-28 10:52:49[ INFO ]--结果--
2023-06-28 10:52:49[ INFO ]--结果--
2023-06-28 10:52:49[ INFO ]--结果--
2023-06-28 10:58:07[ INFO ]--结果--
2023-06-28 10:58:07[ INFO ]--结果--
2023-06-28 10:58:07[ INFO ]--结果--
2023-06-28 10:58:07[ INFO ]--结果--
2023-06-28 10:58:07[ INFO ]--结果--
2023-06-28 10:58:07[ INFO ]--结果--
2023-06-28 11:00:18[ INFO ]--结果--
2023-06-28 11:00:18[ INFO ]--结果--
2023-06-28 11:00:18[ INFO ]--结果--
2023-06-28 11:00:18[ INFO ]--结果--
2023-06-28 11:00:18[ INFO ]--结果--
2023-06-28 11:00:18[ INFO ]--结果--
2023-06-28 11:00:37[ INFO ]--结果--
2023-06-28 11:00:37[ INFO ]--结果--
2023-06-28 11:00:37[ INFO ]--结果--
2023-06-28 11:00:37[ INFO ]--结果--
2023-06-28 11:00:37[ INFO ]--结果--
2023-06-28 11:00:37[ INFO ]--结果--
2023-06-28 13:52:26[ INFO ]--结果--
2023-06-28 13:52:26[ INFO ]--结果--
2023-06-28 13:52:26[ INFO ]--结果--
2023-06-28 13:52:26[ INFO ]--结果--
2023-06-28 13:52:26[ INFO ]--结果--
2023-06-28 13:52:26[ INFO ]--结果--
2023-06-28 13:52:37[ INFO ]--结果--
2023-06-28 13:52:37[ INFO ]--结果--
2023-06-28 13:52:37[ INFO ]--结果--
2023-06-28 13:52:37[ INFO ]--结果--
2023-06-28 13:52:37[ INFO ]--结果--
2023-06-28 13:52:37[ INFO ]--结果--
2023-06-28 13:56:02[ INFO ]--结果--
2023-06-28 13:56:02[ INFO ]--结果--
2023-06-28 13:56:02[ INFO ]--结果--
2023-06-28 13:56:02[ INFO ]--结果--
2023-06-28 13:56:02[ INFO ]--结果--
2023-06-28 13:56:02[ INFO ]--结果--
2023-06-28 13:56:12[ INFO ]--结果--
2023-06-28 13:56:12[ INFO ]--结果--
2023-06-28 13:56:12[ INFO ]--结果--
2023-06-28 13:56:12[ INFO ]--结果--
2023-06-28 13:56:12[ INFO ]--结果--
2023-06-28 13:56:12[ INFO ]--结果--
2023-06-28 13:59:24[ INFO ]--结果--
2023-06-28 13:59:24[ INFO ]--结果--
2023-06-28 13:59:24[ INFO ]--结果--
2023-06-28 13:59:24[ INFO ]--结果--
2023-06-28 13:59:24[ INFO ]--结果--
2023-06-28 13:59:24[ INFO ]--结果--
2023-06-28 13:59:32[ INFO ]--结果--
2023-06-28 13:59:32[ INFO ]--结果--
2023-06-28 13:59:32[ INFO ]--结果--
2023-06-28 13:59:32[ INFO ]--结果--
2023-06-28 13:59:32[ INFO ]--结果--
2023-06-28 13:59:32[ INFO ]--结果--
2023-06-28 14:04:14[ INFO ]--结果--
2023-06-28 14:04:14[ INFO ]--结果--
2023-06-28 14:04:14[ INFO ]--结果--
2023-06-28 14:04:14[ INFO ]--结果--
2023-06-28 14:04:14[ INFO ]--结果--
2023-06-28 14:04:14[ INFO ]--结果--
2023-06-28 14:04:21[ INFO ]--结果--
2023-06-28 14:04:21[ INFO ]--结果--
2023-06-28 14:04:21[ INFO ]--结果--
2023-06-28 14:04:21[ INFO ]--结果--
2023-06-28 14:04:21[ INFO ]--结果--
2023-06-28 14:04:21[ INFO ]--结果--
